<?xml version="1.0" encoding="UTF-8"?>
<!-- Generated by org.testng.reporters.JUnitReportReporter -->
<testsuite hostname="Farah" failures="0" tests="1" name="test.LoginTest" time="8.267" errors="0" timestamp="2023-10-18T14:46:26 CDT" skipped="0">
  <testcase classname="test.LoginTest" name="validUserShouldBeAbleToLogin" time="8.267"/>
</testsuite> <!-- test.LoginTest -->
