<?xml version="1.0" encoding="UTF-8"?>
<!-- Generated by org.testng.reporters.JUnitReportReporter -->
<testsuite hostname="Farah" failures="0" tests="1" name="test.AddCustomerTest" time="9.713" errors="0" timestamp="2023-10-18T17:26:23 CDT" skipped="0">
  <testcase classname="test.AddCustomerTest" name="userShoudBeAbleToAddCustomer" time="9.713"/>
</testsuite> <!-- test.AddCustomerTest -->
